2001.07.14 11:29 B C:\Documents and Settings\Administrator\public_html\personal\00.html <-- rishi /tmp_mnt/homes/7/sadahiro/public_html/personal 00.html
2001.07.14 11:29 B C:\Documents and Settings\Administrator\public_html\personal\00.JPG <-- rishi /tmp_mnt/homes/7/sadahiro/public_html/personal 00.JPG
2001.07.14 11:29 B C:\Documents and Settings\Administrator\public_html\personal\01.html <-- rishi /tmp_mnt/homes/7/sadahiro/public_html/personal 01.html
2001.07.14 11:29 B C:\Documents and Settings\Administrator\public_html\personal\01.JPG <-- rishi /tmp_mnt/homes/7/sadahiro/public_html/personal 01.JPG
2001.07.14 11:29 B C:\Documents and Settings\Administrator\public_html\personal\02.html <-- rishi /tmp_mnt/homes/7/sadahiro/public_html/personal 02.html
2001.07.14 11:29 B C:\Documents and Settings\Administrator\public_html\personal\02.JPG <-- rishi /tmp_mnt/homes/7/sadahiro/public_html/personal 02.JPG
2001.07.14 11:29 B C:\Documents and Settings\Administrator\public_html\personal\03.html <-- rishi /tmp_mnt/homes/7/sadahiro/public_html/personal 03.html
2001.07.14 11:29 B C:\Documents and Settings\Administrator\public_html\personal\03.JPG <-- rishi /tmp_mnt/homes/7/sadahiro/public_html/personal 03.JPG
2001.07.14 11:29 B C:\Documents and Settings\Administrator\public_html\personal\04.html <-- rishi /tmp_mnt/homes/7/sadahiro/public_html/personal 04.html
2001.07.14 11:29 B C:\Documents and Settings\Administrator\public_html\personal\04.JPG <-- rishi /tmp_mnt/homes/7/sadahiro/public_html/personal 04.JPG
2001.07.14 11:29 B C:\Documents and Settings\Administrator\public_html\personal\05.html <-- rishi /tmp_mnt/homes/7/sadahiro/public_html/personal 05.html
2001.07.14 11:29 B C:\Documents and Settings\Administrator\public_html\personal\05.JPG <-- rishi /tmp_mnt/homes/7/sadahiro/public_html/personal 05.JPG
2001.07.14 11:29 B C:\Documents and Settings\Administrator\public_html\personal\06.html <-- rishi /tmp_mnt/homes/7/sadahiro/public_html/personal 06.html
2001.07.14 11:29 B C:\Documents and Settings\Administrator\public_html\personal\06.JPG <-- rishi /tmp_mnt/homes/7/sadahiro/public_html/personal 06.JPG
2001.07.14 11:29 B C:\Documents and Settings\Administrator\public_html\personal\07.html <-- rishi /tmp_mnt/homes/7/sadahiro/public_html/personal 07.html
2001.07.14 11:29 B C:\Documents and Settings\Administrator\public_html\personal\07.JPG <-- rishi /tmp_mnt/homes/7/sadahiro/public_html/personal 07.JPG
2001.07.14 11:29 B C:\Documents and Settings\Administrator\public_html\personal\08.html <-- rishi /tmp_mnt/homes/7/sadahiro/public_html/personal 08.html
2001.07.14 11:29 B C:\Documents and Settings\Administrator\public_html\personal\08.JPG <-- rishi /tmp_mnt/homes/7/sadahiro/public_html/personal 08.JPG
2001.07.14 11:29 B C:\Documents and Settings\Administrator\public_html\personal\09.html <-- rishi /tmp_mnt/homes/7/sadahiro/public_html/personal 09.html
2001.07.14 11:29 B C:\Documents and Settings\Administrator\public_html\personal\09.JPG <-- rishi /tmp_mnt/homes/7/sadahiro/public_html/personal 09.JPG
2001.07.14 11:29 B C:\Documents and Settings\Administrator\public_html\personal\10.html <-- rishi /tmp_mnt/homes/7/sadahiro/public_html/personal 10.html
2001.07.14 11:29 B C:\Documents and Settings\Administrator\public_html\personal\10.JPG <-- rishi /tmp_mnt/homes/7/sadahiro/public_html/personal 10.JPG
2001.07.14 11:29 B C:\Documents and Settings\Administrator\public_html\personal\11.html <-- rishi /tmp_mnt/homes/7/sadahiro/public_html/personal 11.html
2001.07.14 11:29 B C:\Documents and Settings\Administrator\public_html\personal\11.JPG <-- rishi /tmp_mnt/homes/7/sadahiro/public_html/personal 11.JPG
2001.07.14 11:29 B C:\Documents and Settings\Administrator\public_html\personal\12.html <-- rishi /tmp_mnt/homes/7/sadahiro/public_html/personal 12.html
2001.07.14 11:29 B C:\Documents and Settings\Administrator\public_html\personal\12.JPG <-- rishi /tmp_mnt/homes/7/sadahiro/public_html/personal 12.JPG
2001.07.14 11:29 B C:\Documents and Settings\Administrator\public_html\personal\13.html <-- rishi /tmp_mnt/homes/7/sadahiro/public_html/personal 13.html
2001.07.14 11:29 B C:\Documents and Settings\Administrator\public_html\personal\13.JPG <-- rishi /tmp_mnt/homes/7/sadahiro/public_html/personal 13.JPG
2001.07.14 11:29 B C:\Documents and Settings\Administrator\public_html\personal\14.html <-- rishi /tmp_mnt/homes/7/sadahiro/public_html/personal 14.html
2001.07.14 11:29 B C:\Documents and Settings\Administrator\public_html\personal\14.JPG <-- rishi /tmp_mnt/homes/7/sadahiro/public_html/personal 14.JPG
2001.07.14 11:29 B C:\Documents and Settings\Administrator\public_html\personal\15.html <-- rishi /tmp_mnt/homes/7/sadahiro/public_html/personal 15.html
2001.07.14 11:29 B C:\Documents and Settings\Administrator\public_html\personal\15.JPG <-- rishi /tmp_mnt/homes/7/sadahiro/public_html/personal 15.JPG
2001.07.14 11:29 B C:\Documents and Settings\Administrator\public_html\personal\16.html <-- rishi /tmp_mnt/homes/7/sadahiro/public_html/personal 16.html
2001.07.14 11:29 B C:\Documents and Settings\Administrator\public_html\personal\16.JPG <-- rishi /tmp_mnt/homes/7/sadahiro/public_html/personal 16.JPG
2001.07.14 11:29 B C:\Documents and Settings\Administrator\public_html\personal\600.html <-- rishi /tmp_mnt/homes/7/sadahiro/public_html/personal 600.html
2001.07.14 11:29 B C:\Documents and Settings\Administrator\public_html\personal\600.JPG <-- rishi /tmp_mnt/homes/7/sadahiro/public_html/personal 600.JPG
2001.07.14 11:29 B C:\Documents and Settings\Administrator\public_html\personal\601.html <-- rishi /tmp_mnt/homes/7/sadahiro/public_html/personal 601.html
2001.07.14 11:29 B C:\Documents and Settings\Administrator\public_html\personal\601.JPG <-- rishi /tmp_mnt/homes/7/sadahiro/public_html/personal 601.JPG
2001.07.14 11:29 B C:\Documents and Settings\Administrator\public_html\personal\602.html <-- rishi /tmp_mnt/homes/7/sadahiro/public_html/personal 602.html
2001.07.14 11:29 B C:\Documents and Settings\Administrator\public_html\personal\602.JPG <-- rishi /tmp_mnt/homes/7/sadahiro/public_html/personal 602.JPG
2001.07.14 11:29 B C:\Documents and Settings\Administrator\public_html\personal\603.html <-- rishi /tmp_mnt/homes/7/sadahiro/public_html/personal 603.html
2001.07.14 11:29 B C:\Documents and Settings\Administrator\public_html\personal\603.JPG <-- rishi /tmp_mnt/homes/7/sadahiro/public_html/personal 603.JPG
2001.07.14 11:29 B C:\Documents and Settings\Administrator\public_html\personal\604.html <-- rishi /tmp_mnt/homes/7/sadahiro/public_html/personal 604.html
2001.07.14 11:29 B C:\Documents and Settings\Administrator\public_html\personal\604.JPG <-- rishi /tmp_mnt/homes/7/sadahiro/public_html/personal 604.JPG
2001.07.14 11:29 B C:\Documents and Settings\Administrator\public_html\personal\605.html <-- rishi /tmp_mnt/homes/7/sadahiro/public_html/personal 605.html
2001.07.14 11:29 B C:\Documents and Settings\Administrator\public_html\personal\605.JPG <-- rishi /tmp_mnt/homes/7/sadahiro/public_html/personal 605.JPG
2001.07.14 11:29 B C:\Documents and Settings\Administrator\public_html\personal\701.html <-- rishi /tmp_mnt/homes/7/sadahiro/public_html/personal 701.html
2001.07.14 11:29 B C:\Documents and Settings\Administrator\public_html\personal\701.JPG <-- rishi /tmp_mnt/homes/7/sadahiro/public_html/personal 701.JPG
2001.07.14 11:29 B C:\Documents and Settings\Administrator\public_html\personal\702.html <-- rishi /tmp_mnt/homes/7/sadahiro/public_html/personal 702.html
2001.07.14 11:29 B C:\Documents and Settings\Administrator\public_html\personal\702.JPG <-- rishi /tmp_mnt/homes/7/sadahiro/public_html/personal 702.JPG
2001.07.14 11:29 B C:\Documents and Settings\Administrator\public_html\personal\703.html <-- rishi /tmp_mnt/homes/7/sadahiro/public_html/personal 703.html
2001.07.14 11:29 B C:\Documents and Settings\Administrator\public_html\personal\703.JPG <-- rishi /tmp_mnt/homes/7/sadahiro/public_html/personal 703.JPG
2001.07.14 11:29 B C:\Documents and Settings\Administrator\public_html\personal\704.html <-- rishi /tmp_mnt/homes/7/sadahiro/public_html/personal 704.html
2001.07.14 11:29 B C:\Documents and Settings\Administrator\public_html\personal\704.JPG <-- rishi /tmp_mnt/homes/7/sadahiro/public_html/personal 704.JPG
2001.07.14 11:29 B C:\Documents and Settings\Administrator\public_html\personal\705.html <-- rishi /tmp_mnt/homes/7/sadahiro/public_html/personal 705.html
2001.07.14 11:29 B C:\Documents and Settings\Administrator\public_html\personal\705.JPG <-- rishi /tmp_mnt/homes/7/sadahiro/public_html/personal 705.JPG
2001.07.14 11:29 B C:\Documents and Settings\Administrator\public_html\personal\706.html <-- rishi /tmp_mnt/homes/7/sadahiro/public_html/personal 706.html
2001.07.14 11:29 B C:\Documents and Settings\Administrator\public_html\personal\706.JPG <-- rishi /tmp_mnt/homes/7/sadahiro/public_html/personal 706.JPG
2001.07.14 11:29 B C:\Documents and Settings\Administrator\public_html\personal\707.html <-- rishi /tmp_mnt/homes/7/sadahiro/public_html/personal 707.html
2001.07.14 11:29 B C:\Documents and Settings\Administrator\public_html\personal\707.JPG <-- rishi /tmp_mnt/homes/7/sadahiro/public_html/personal 707.JPG
2001.07.14 11:29 B C:\Documents and Settings\Administrator\public_html\personal\800.html <-- rishi /tmp_mnt/homes/7/sadahiro/public_html/personal 800.html
2001.07.14 11:29 B C:\Documents and Settings\Administrator\public_html\personal\800.JPG <-- rishi /tmp_mnt/homes/7/sadahiro/public_html/personal 800.JPG
2001.07.14 11:29 B C:\Documents and Settings\Administrator\public_html\personal\801.html <-- rishi /tmp_mnt/homes/7/sadahiro/public_html/personal 801.html
2001.07.14 11:29 B C:\Documents and Settings\Administrator\public_html\personal\801.JPG <-- rishi /tmp_mnt/homes/7/sadahiro/public_html/personal 801.JPG
2001.07.14 11:29 B C:\Documents and Settings\Administrator\public_html\personal\802.html <-- rishi /tmp_mnt/homes/7/sadahiro/public_html/personal 802.html
2001.07.14 11:29 B C:\Documents and Settings\Administrator\public_html\personal\802.JPG <-- rishi /tmp_mnt/homes/7/sadahiro/public_html/personal 802.JPG
2001.07.14 11:29 B C:\Documents and Settings\Administrator\public_html\personal\803.html <-- rishi /tmp_mnt/homes/7/sadahiro/public_html/personal 803.html
2001.07.14 11:30 B C:\Documents and Settings\Administrator\public_html\personal\803.JPG <-- rishi /tmp_mnt/homes/7/sadahiro/public_html/personal 803.JPG
2001.07.14 11:30 B C:\Documents and Settings\Administrator\public_html\personal\804.html <-- rishi /tmp_mnt/homes/7/sadahiro/public_html/personal 804.html
2001.07.14 11:30 B C:\Documents and Settings\Administrator\public_html\personal\804.JPG <-- rishi /tmp_mnt/homes/7/sadahiro/public_html/personal 804.JPG
2001.07.14 11:30 B C:\Documents and Settings\Administrator\public_html\personal\805.html <-- rishi /tmp_mnt/homes/7/sadahiro/public_html/personal 805.html
2001.07.14 11:30 B C:\Documents and Settings\Administrator\public_html\personal\805.JPG <-- rishi /tmp_mnt/homes/7/sadahiro/public_html/personal 805.JPG
2001.07.14 11:30 B C:\Documents and Settings\Administrator\public_html\personal\aboutme.bup <-- rishi /tmp_mnt/homes/7/sadahiro/public_html/personal aboutme.bup
2001.07.14 11:30 B C:\Documents and Settings\Administrator\public_html\personal\aboutme.html <-- rishi /tmp_mnt/homes/7/sadahiro/public_html/personal aboutme.html
2001.07.14 11:30 B C:\Documents and Settings\Administrator\public_html\personal\aboutme.html~ <-- rishi /tmp_mnt/homes/7/sadahiro/public_html/personal aboutme.html~
2001.07.14 11:33 B C:\Documents and Settings\Administrator\public_html\personal\DDHK_pmac <-- rishi /tmp_mnt/homes/7/sadahiro/public_html/personal DDHK_pmac
2001.07.14 11:33 B C:\Documents and Settings\Administrator\public_html\personal\earth.jpg <-- rishi /tmp_mnt/homes/7/sadahiro/public_html/personal earth.jpg
2001.07.14 11:33 B C:\Documents and Settings\Administrator\public_html\personal\handwork.html <-- rishi /tmp_mnt/homes/7/sadahiro/public_html/personal handwork.html
2001.07.14 11:33 B C:\Documents and Settings\Administrator\public_html\personal\hbird1.jpg <-- rishi /tmp_mnt/homes/7/sadahiro/public_html/personal hbird1.jpg
2001.07.14 11:33 B C:\Documents and Settings\Administrator\public_html\personal\hbird2.jpg <-- rishi /tmp_mnt/homes/7/sadahiro/public_html/personal hbird2.jpg
2001.07.14 11:33 B C:\Documents and Settings\Administrator\public_html\personal\hercuries.jpg <-- rishi /tmp_mnt/homes/7/sadahiro/public_html/personal hercuries.jpg
2001.07.14 11:33 B C:\Documents and Settings\Administrator\public_html\personal\lili1.jpg <-- rishi /tmp_mnt/homes/7/sadahiro/public_html/personal lili1.jpg
2001.07.14 11:33 B C:\Documents and Settings\Administrator\public_html\personal\lili2.jpg <-- rishi /tmp_mnt/homes/7/sadahiro/public_html/personal lili2.jpg
2001.07.14 11:33 B C:\Documents and Settings\Administrator\public_html\personal\map.jpg <-- rishi /tmp_mnt/homes/7/sadahiro/public_html/personal map.jpg
2001.07.14 11:34 B C:\Documents and Settings\Administrator\public_html\personal\me.jpg <-- rishi /tmp_mnt/homes/7/sadahiro/public_html/personal me.jpg
2001.07.14 11:34 B C:\Documents and Settings\Administrator\public_html\personal\me2.jpg <-- rishi /tmp_mnt/homes/7/sadahiro/public_html/personal me2.jpg
2001.07.14 11:34 B C:\Documents and Settings\Administrator\public_html\personal\meHat.JPG <-- rishi /tmp_mnt/homes/7/sadahiro/public_html/personal meHat.JPG
2001.07.14 11:34 B C:\Documents and Settings\Administrator\public_html\personal\meHat.JPG.old <-- rishi /tmp_mnt/homes/7/sadahiro/public_html/personal meHat.JPG.old
2001.07.14 11:34 B C:\Documents and Settings\Administrator\public_html\personal\meOld.jpg <-- rishi /tmp_mnt/homes/7/sadahiro/public_html/personal meOld.jpg
2001.07.14 11:34 B C:\Documents and Settings\Administrator\public_html\personal\my3DGfx.html <-- rishi /tmp_mnt/homes/7/sadahiro/public_html/personal my3DGfx.html
2001.07.14 11:34 B C:\Documents and Settings\Administrator\public_html\personal\paradise1.jpg <-- rishi /tmp_mnt/homes/7/sadahiro/public_html/personal paradise1.jpg
2001.07.14 11:34 B C:\Documents and Settings\Administrator\public_html\personal\paradise2.jpg <-- rishi /tmp_mnt/homes/7/sadahiro/public_html/personal paradise2.jpg
2001.07.14 11:34 B C:\Documents and Settings\Administrator\public_html\personal\readme_DDHK <-- rishi /tmp_mnt/homes/7/sadahiro/public_html/personal readme_DDHK
2001.07.14 11:34 B C:\Documents and Settings\Administrator\public_html\personal\titleLili.jpg <-- rishi /tmp_mnt/homes/7/sadahiro/public_html/personal titleLili.jpg
2001.07.17 21:04 B C:\Documents and Settings\Administrator\My Documents\myDevelopment\public_html\personal\00.html --> ishmael.cs.utexas.edu /var/spool/net/www/users/sadahiro/personal 00.html
2001.07.17 21:04 B C:\Documents and Settings\Administrator\My Documents\myDevelopment\public_html\personal\00.JPG --> ishmael.cs.utexas.edu /var/spool/net/www/users/sadahiro/personal 00.JPG
2001.07.17 21:04 B C:\Documents and Settings\Administrator\My Documents\myDevelopment\public_html\personal\01.html --> ishmael.cs.utexas.edu /var/spool/net/www/users/sadahiro/personal 01.html
2001.07.17 21:04 B C:\Documents and Settings\Administrator\My Documents\myDevelopment\public_html\personal\01.JPG --> ishmael.cs.utexas.edu /var/spool/net/www/users/sadahiro/personal 01.JPG
2001.07.17 21:04 B C:\Documents and Settings\Administrator\My Documents\myDevelopment\public_html\personal\02.html --> ishmael.cs.utexas.edu /var/spool/net/www/users/sadahiro/personal 02.html
2001.07.17 21:04 B C:\Documents and Settings\Administrator\My Documents\myDevelopment\public_html\personal\02.JPG --> ishmael.cs.utexas.edu /var/spool/net/www/users/sadahiro/personal 02.JPG
2001.07.17 21:04 B C:\Documents and Settings\Administrator\My Documents\myDevelopment\public_html\personal\03.html --> ishmael.cs.utexas.edu /var/spool/net/www/users/sadahiro/personal 03.html
2001.07.17 21:04 B C:\Documents and Settings\Administrator\My Documents\myDevelopment\public_html\personal\03.JPG --> ishmael.cs.utexas.edu /var/spool/net/www/users/sadahiro/personal 03.JPG
2001.07.17 21:04 B C:\Documents and Settings\Administrator\My Documents\myDevelopment\public_html\personal\04.html --> ishmael.cs.utexas.edu /var/spool/net/www/users/sadahiro/personal 04.html
2001.07.17 21:04 B C:\Documents and Settings\Administrator\My Documents\myDevelopment\public_html\personal\04.JPG --> ishmael.cs.utexas.edu /var/spool/net/www/users/sadahiro/personal 04.JPG
2001.07.17 21:04 B C:\Documents and Settings\Administrator\My Documents\myDevelopment\public_html\personal\05.html --> ishmael.cs.utexas.edu /var/spool/net/www/users/sadahiro/personal 05.html
2001.07.17 21:04 B C:\Documents and Settings\Administrator\My Documents\myDevelopment\public_html\personal\05.JPG --> ishmael.cs.utexas.edu /var/spool/net/www/users/sadahiro/personal 05.JPG
2001.07.17 21:04 B C:\Documents and Settings\Administrator\My Documents\myDevelopment\public_html\personal\06.html --> ishmael.cs.utexas.edu /var/spool/net/www/users/sadahiro/personal 06.html
2001.07.17 21:04 B C:\Documents and Settings\Administrator\My Documents\myDevelopment\public_html\personal\06.JPG --> ishmael.cs.utexas.edu /var/spool/net/www/users/sadahiro/personal 06.JPG
2001.07.17 21:04 B C:\Documents and Settings\Administrator\My Documents\myDevelopment\public_html\personal\07.html --> ishmael.cs.utexas.edu /var/spool/net/www/users/sadahiro/personal 07.html
2001.07.17 21:04 B C:\Documents and Settings\Administrator\My Documents\myDevelopment\public_html\personal\07.JPG --> ishmael.cs.utexas.edu /var/spool/net/www/users/sadahiro/personal 07.JPG
2001.07.17 21:04 B C:\Documents and Settings\Administrator\My Documents\myDevelopment\public_html\personal\08.html --> ishmael.cs.utexas.edu /var/spool/net/www/users/sadahiro/personal 08.html
2001.07.17 21:04 B C:\Documents and Settings\Administrator\My Documents\myDevelopment\public_html\personal\08.JPG --> ishmael.cs.utexas.edu /var/spool/net/www/users/sadahiro/personal 08.JPG
2001.07.17 21:04 B C:\Documents and Settings\Administrator\My Documents\myDevelopment\public_html\personal\09.html --> ishmael.cs.utexas.edu /var/spool/net/www/users/sadahiro/personal 09.html
2001.07.17 21:04 B C:\Documents and Settings\Administrator\My Documents\myDevelopment\public_html\personal\09.JPG --> ishmael.cs.utexas.edu /var/spool/net/www/users/sadahiro/personal 09.JPG
2001.07.17 21:04 B C:\Documents and Settings\Administrator\My Documents\myDevelopment\public_html\personal\10.html --> ishmael.cs.utexas.edu /var/spool/net/www/users/sadahiro/personal 10.html
2001.07.17 21:04 B C:\Documents and Settings\Administrator\My Documents\myDevelopment\public_html\personal\10.JPG --> ishmael.cs.utexas.edu /var/spool/net/www/users/sadahiro/personal 10.JPG
2001.07.17 21:04 B C:\Documents and Settings\Administrator\My Documents\myDevelopment\public_html\personal\11.html --> ishmael.cs.utexas.edu /var/spool/net/www/users/sadahiro/personal 11.html
2001.07.17 21:04 B C:\Documents and Settings\Administrator\My Documents\myDevelopment\public_html\personal\11.JPG --> ishmael.cs.utexas.edu /var/spool/net/www/users/sadahiro/personal 11.JPG
2001.07.17 21:04 B C:\Documents and Settings\Administrator\My Documents\myDevelopment\public_html\personal\12.html --> ishmael.cs.utexas.edu /var/spool/net/www/users/sadahiro/personal 12.html
2001.07.17 21:04 B C:\Documents and Settings\Administrator\My Documents\myDevelopment\public_html\personal\12.JPG --> ishmael.cs.utexas.edu /var/spool/net/www/users/sadahiro/personal 12.JPG
2001.07.17 21:04 B C:\Documents and Settings\Administrator\My Documents\myDevelopment\public_html\personal\13.html --> ishmael.cs.utexas.edu /var/spool/net/www/users/sadahiro/personal 13.html
2001.07.17 21:04 B C:\Documents and Settings\Administrator\My Documents\myDevelopment\public_html\personal\13.JPG --> ishmael.cs.utexas.edu /var/spool/net/www/users/sadahiro/personal 13.JPG
2001.07.17 21:04 B C:\Documents and Settings\Administrator\My Documents\myDevelopment\public_html\personal\14.html --> ishmael.cs.utexas.edu /var/spool/net/www/users/sadahiro/personal 14.html
2001.07.17 21:04 B C:\Documents and Settings\Administrator\My Documents\myDevelopment\public_html\personal\14.JPG --> ishmael.cs.utexas.edu /var/spool/net/www/users/sadahiro/personal 14.JPG
2001.07.17 21:04 B C:\Documents and Settings\Administrator\My Documents\myDevelopment\public_html\personal\15.html --> ishmael.cs.utexas.edu /var/spool/net/www/users/sadahiro/personal 15.html
2001.07.17 21:04 B C:\Documents and Settings\Administrator\My Documents\myDevelopment\public_html\personal\15.JPG --> ishmael.cs.utexas.edu /var/spool/net/www/users/sadahiro/personal 15.JPG
2001.07.17 21:04 B C:\Documents and Settings\Administrator\My Documents\myDevelopment\public_html\personal\16.html --> ishmael.cs.utexas.edu /var/spool/net/www/users/sadahiro/personal 16.html
2001.07.17 21:04 B C:\Documents and Settings\Administrator\My Documents\myDevelopment\public_html\personal\16.JPG --> ishmael.cs.utexas.edu /var/spool/net/www/users/sadahiro/personal 16.JPG
2001.07.17 21:04 B C:\Documents and Settings\Administrator\My Documents\myDevelopment\public_html\personal\600.html --> ishmael.cs.utexas.edu /var/spool/net/www/users/sadahiro/personal 600.html
2001.07.17 21:04 B C:\Documents and Settings\Administrator\My Documents\myDevelopment\public_html\personal\600.JPG --> ishmael.cs.utexas.edu /var/spool/net/www/users/sadahiro/personal 600.JPG
2001.07.17 21:04 B C:\Documents and Settings\Administrator\My Documents\myDevelopment\public_html\personal\601.html --> ishmael.cs.utexas.edu /var/spool/net/www/users/sadahiro/personal 601.html
2001.07.17 21:04 B C:\Documents and Settings\Administrator\My Documents\myDevelopment\public_html\personal\601.JPG --> ishmael.cs.utexas.edu /var/spool/net/www/users/sadahiro/personal 601.JPG
2001.07.17 21:04 B C:\Documents and Settings\Administrator\My Documents\myDevelopment\public_html\personal\602.html --> ishmael.cs.utexas.edu /var/spool/net/www/users/sadahiro/personal 602.html
2001.07.17 21:04 B C:\Documents and Settings\Administrator\My Documents\myDevelopment\public_html\personal\602.JPG --> ishmael.cs.utexas.edu /var/spool/net/www/users/sadahiro/personal 602.JPG
2001.07.17 21:04 B C:\Documents and Settings\Administrator\My Documents\myDevelopment\public_html\personal\603.html --> ishmael.cs.utexas.edu /var/spool/net/www/users/sadahiro/personal 603.html
2001.07.17 21:04 B C:\Documents and Settings\Administrator\My Documents\myDevelopment\public_html\personal\603.JPG --> ishmael.cs.utexas.edu /var/spool/net/www/users/sadahiro/personal 603.JPG
2001.07.17 21:04 B C:\Documents and Settings\Administrator\My Documents\myDevelopment\public_html\personal\604.html --> ishmael.cs.utexas.edu /var/spool/net/www/users/sadahiro/personal 604.html
2001.07.17 21:04 B C:\Documents and Settings\Administrator\My Documents\myDevelopment\public_html\personal\604.JPG --> ishmael.cs.utexas.edu /var/spool/net/www/users/sadahiro/personal 604.JPG
2001.07.17 21:04 B C:\Documents and Settings\Administrator\My Documents\myDevelopment\public_html\personal\605.html --> ishmael.cs.utexas.edu /var/spool/net/www/users/sadahiro/personal 605.html
2001.07.17 21:04 B C:\Documents and Settings\Administrator\My Documents\myDevelopment\public_html\personal\605.JPG --> ishmael.cs.utexas.edu /var/spool/net/www/users/sadahiro/personal 605.JPG
2001.07.17 21:04 B C:\Documents and Settings\Administrator\My Documents\myDevelopment\public_html\personal\701.html --> ishmael.cs.utexas.edu /var/spool/net/www/users/sadahiro/personal 701.html
2001.07.17 21:04 B C:\Documents and Settings\Administrator\My Documents\myDevelopment\public_html\personal\701.JPG --> ishmael.cs.utexas.edu /var/spool/net/www/users/sadahiro/personal 701.JPG
2001.07.17 21:04 B C:\Documents and Settings\Administrator\My Documents\myDevelopment\public_html\personal\702.html --> ishmael.cs.utexas.edu /var/spool/net/www/users/sadahiro/personal 702.html
2001.07.17 21:04 B C:\Documents and Settings\Administrator\My Documents\myDevelopment\public_html\personal\702.JPG --> ishmael.cs.utexas.edu /var/spool/net/www/users/sadahiro/personal 702.JPG
2001.07.17 21:04 B C:\Documents and Settings\Administrator\My Documents\myDevelopment\public_html\personal\703.html --> ishmael.cs.utexas.edu /var/spool/net/www/users/sadahiro/personal 703.html
2001.07.17 21:04 B C:\Documents and Settings\Administrator\My Documents\myDevelopment\public_html\personal\703.JPG --> ishmael.cs.utexas.edu /var/spool/net/www/users/sadahiro/personal 703.JPG
2001.07.17 21:04 B C:\Documents and Settings\Administrator\My Documents\myDevelopment\public_html\personal\704.html --> ishmael.cs.utexas.edu /var/spool/net/www/users/sadahiro/personal 704.html
2001.07.17 21:04 B C:\Documents and Settings\Administrator\My Documents\myDevelopment\public_html\personal\704.JPG --> ishmael.cs.utexas.edu /var/spool/net/www/users/sadahiro/personal 704.JPG
2001.07.17 21:04 B C:\Documents and Settings\Administrator\My Documents\myDevelopment\public_html\personal\705.html --> ishmael.cs.utexas.edu /var/spool/net/www/users/sadahiro/personal 705.html
2001.07.17 21:04 B C:\Documents and Settings\Administrator\My Documents\myDevelopment\public_html\personal\705.JPG --> ishmael.cs.utexas.edu /var/spool/net/www/users/sadahiro/personal 705.JPG
2001.07.17 21:04 B C:\Documents and Settings\Administrator\My Documents\myDevelopment\public_html\personal\706.html --> ishmael.cs.utexas.edu /var/spool/net/www/users/sadahiro/personal 706.html
2001.07.17 21:04 B C:\Documents and Settings\Administrator\My Documents\myDevelopment\public_html\personal\706.JPG --> ishmael.cs.utexas.edu /var/spool/net/www/users/sadahiro/personal 706.JPG
2001.07.17 21:04 B C:\Documents and Settings\Administrator\My Documents\myDevelopment\public_html\personal\707.html --> ishmael.cs.utexas.edu /var/spool/net/www/users/sadahiro/personal 707.html
2001.07.17 21:05 B C:\Documents and Settings\Administrator\My Documents\myDevelopment\public_html\personal\707.JPG --> ishmael.cs.utexas.edu /var/spool/net/www/users/sadahiro/personal 707.JPG
2001.07.17 21:05 B C:\Documents and Settings\Administrator\My Documents\myDevelopment\public_html\personal\800.html --> ishmael.cs.utexas.edu /var/spool/net/www/users/sadahiro/personal 800.html
2001.07.17 21:05 B C:\Documents and Settings\Administrator\My Documents\myDevelopment\public_html\personal\800.JPG --> ishmael.cs.utexas.edu /var/spool/net/www/users/sadahiro/personal 800.JPG
2001.07.17 21:05 B C:\Documents and Settings\Administrator\My Documents\myDevelopment\public_html\personal\801.html --> ishmael.cs.utexas.edu /var/spool/net/www/users/sadahiro/personal 801.html
2001.07.17 21:05 B C:\Documents and Settings\Administrator\My Documents\myDevelopment\public_html\personal\801.JPG --> ishmael.cs.utexas.edu /var/spool/net/www/users/sadahiro/personal 801.JPG
2001.07.17 21:05 B C:\Documents and Settings\Administrator\My Documents\myDevelopment\public_html\personal\802.html --> ishmael.cs.utexas.edu /var/spool/net/www/users/sadahiro/personal 802.html
2001.07.17 21:05 B C:\Documents and Settings\Administrator\My Documents\myDevelopment\public_html\personal\802.JPG --> ishmael.cs.utexas.edu /var/spool/net/www/users/sadahiro/personal 802.JPG
2001.07.17 21:05 B C:\Documents and Settings\Administrator\My Documents\myDevelopment\public_html\personal\803.html --> ishmael.cs.utexas.edu /var/spool/net/www/users/sadahiro/personal 803.html
2001.07.17 21:05 B C:\Documents and Settings\Administrator\My Documents\myDevelopment\public_html\personal\803.JPG --> ishmael.cs.utexas.edu /var/spool/net/www/users/sadahiro/personal 803.JPG
2001.07.17 21:05 B C:\Documents and Settings\Administrator\My Documents\myDevelopment\public_html\personal\804.html --> ishmael.cs.utexas.edu /var/spool/net/www/users/sadahiro/personal 804.html
2001.07.17 21:05 B C:\Documents and Settings\Administrator\My Documents\myDevelopment\public_html\personal\804.JPG --> ishmael.cs.utexas.edu /var/spool/net/www/users/sadahiro/personal 804.JPG
2001.07.17 21:05 B C:\Documents and Settings\Administrator\My Documents\myDevelopment\public_html\personal\805.html --> ishmael.cs.utexas.edu /var/spool/net/www/users/sadahiro/personal 805.html
2001.07.17 21:05 B C:\Documents and Settings\Administrator\My Documents\myDevelopment\public_html\personal\805.JPG --> ishmael.cs.utexas.edu /var/spool/net/www/users/sadahiro/personal 805.JPG
2001.07.17 21:05 B C:\Documents and Settings\Administrator\My Documents\myDevelopment\public_html\personal\aboutme.bup --> ishmael.cs.utexas.edu /var/spool/net/www/users/sadahiro/personal aboutme.bup
2001.07.17 21:05 B C:\Documents and Settings\Administrator\My Documents\myDevelopment\public_html\personal\aboutme.html --> ishmael.cs.utexas.edu /var/spool/net/www/users/sadahiro/personal aboutme.html
2001.07.17 21:05 B C:\Documents and Settings\Administrator\My Documents\myDevelopment\public_html\personal\aboutme.html~ --> ishmael.cs.utexas.edu /var/spool/net/www/users/sadahiro/personal aboutme.html~
2001.07.17 21:05 B C:\Documents and Settings\Administrator\My Documents\myDevelopment\public_html\personal\DDHK_pmac --> ishmael.cs.utexas.edu /var/spool/net/www/users/sadahiro/personal DDHK_pmac
2001.07.17 21:05 B C:\Documents and Settings\Administrator\My Documents\myDevelopment\public_html\personal\earth.jpg --> ishmael.cs.utexas.edu /var/spool/net/www/users/sadahiro/personal earth.jpg
2001.07.17 21:05 B C:\Documents and Settings\Administrator\My Documents\myDevelopment\public_html\personal\handwork.html --> ishmael.cs.utexas.edu /var/spool/net/www/users/sadahiro/personal handwork.html
2001.07.17 21:05 B C:\Documents and Settings\Administrator\My Documents\myDevelopment\public_html\personal\hbird1.jpg --> ishmael.cs.utexas.edu /var/spool/net/www/users/sadahiro/personal hbird1.jpg
2001.07.17 21:05 B C:\Documents and Settings\Administrator\My Documents\myDevelopment\public_html\personal\hbird2.jpg --> ishmael.cs.utexas.edu /var/spool/net/www/users/sadahiro/personal hbird2.jpg
2001.07.17 21:05 B C:\Documents and Settings\Administrator\My Documents\myDevelopment\public_html\personal\hercuries.jpg --> ishmael.cs.utexas.edu /var/spool/net/www/users/sadahiro/personal hercuries.jpg
2001.07.17 21:05 B C:\Documents and Settings\Administrator\My Documents\myDevelopment\public_html\personal\lili1.jpg --> ishmael.cs.utexas.edu /var/spool/net/www/users/sadahiro/personal lili1.jpg
2001.07.17 21:05 B C:\Documents and Settings\Administrator\My Documents\myDevelopment\public_html\personal\lili2.jpg --> ishmael.cs.utexas.edu /var/spool/net/www/users/sadahiro/personal lili2.jpg
2001.07.17 21:05 B C:\Documents and Settings\Administrator\My Documents\myDevelopment\public_html\personal\map.jpg --> ishmael.cs.utexas.edu /var/spool/net/www/users/sadahiro/personal map.jpg
2001.07.17 21:05 B C:\Documents and Settings\Administrator\My Documents\myDevelopment\public_html\personal\me.jpg --> ishmael.cs.utexas.edu /var/spool/net/www/users/sadahiro/personal me.jpg
2001.07.17 21:05 B C:\Documents and Settings\Administrator\My Documents\myDevelopment\public_html\personal\me2.jpg --> ishmael.cs.utexas.edu /var/spool/net/www/users/sadahiro/personal me2.jpg
2001.07.17 21:05 B C:\Documents and Settings\Administrator\My Documents\myDevelopment\public_html\personal\meHat.JPG --> ishmael.cs.utexas.edu /var/spool/net/www/users/sadahiro/personal meHat.JPG
2001.07.17 21:05 B C:\Documents and Settings\Administrator\My Documents\myDevelopment\public_html\personal\meHat.JPG.old --> ishmael.cs.utexas.edu /var/spool/net/www/users/sadahiro/personal meHat.JPG.old
2001.07.17 21:05 B C:\Documents and Settings\Administrator\My Documents\myDevelopment\public_html\personal\meOld.jpg --> ishmael.cs.utexas.edu /var/spool/net/www/users/sadahiro/personal meOld.jpg
2001.07.17 21:05 B C:\Documents and Settings\Administrator\My Documents\myDevelopment\public_html\personal\my3DGfx.html --> ishmael.cs.utexas.edu /var/spool/net/www/users/sadahiro/personal my3DGfx.html
2001.07.17 21:05 B C:\Documents and Settings\Administrator\My Documents\myDevelopment\public_html\personal\my3DGfx.html~ --> ishmael.cs.utexas.edu /var/spool/net/www/users/sadahiro/personal my3DGfx.html~
2001.07.17 21:05 B C:\Documents and Settings\Administrator\My Documents\myDevelopment\public_html\personal\paradise1.jpg --> ishmael.cs.utexas.edu /var/spool/net/www/users/sadahiro/personal paradise1.jpg
2001.07.17 21:05 B C:\Documents and Settings\Administrator\My Documents\myDevelopment\public_html\personal\paradise2.jpg --> ishmael.cs.utexas.edu /var/spool/net/www/users/sadahiro/personal paradise2.jpg
2001.07.17 21:05 B C:\Documents and Settings\Administrator\My Documents\myDevelopment\public_html\personal\readme_DDHK --> ishmael.cs.utexas.edu /var/spool/net/www/users/sadahiro/personal readme_DDHK
2001.07.17 21:05 B C:\Documents and Settings\Administrator\My Documents\myDevelopment\public_html\personal\titleLili.jpg --> ishmael.cs.utexas.edu /var/spool/net/www/users/sadahiro/personal titleLili.jpg
2002.06.22 17:28 B C:\Documents and Settings\Administrator\My Documents\resume\web_dir\personal\00.html --> rishi.ticam.utexas.edu /tmp_mnt/homes/ccv1/sadahiro/public_html/personal 00.html
2002.06.22 17:28 B C:\Documents and Settings\Administrator\My Documents\resume\web_dir\personal\00.jpg --> rishi.ticam.utexas.edu /tmp_mnt/homes/ccv1/sadahiro/public_html/personal 00.jpg
2002.06.22 17:28 B C:\Documents and Settings\Administrator\My Documents\resume\web_dir\personal\01.html --> rishi.ticam.utexas.edu /tmp_mnt/homes/ccv1/sadahiro/public_html/personal 01.html
2002.06.22 17:28 B C:\Documents and Settings\Administrator\My Documents\resume\web_dir\personal\01.jpg --> rishi.ticam.utexas.edu /tmp_mnt/homes/ccv1/sadahiro/public_html/personal 01.jpg
2002.06.22 17:28 B C:\Documents and Settings\Administrator\My Documents\resume\web_dir\personal\02.html --> rishi.ticam.utexas.edu /tmp_mnt/homes/ccv1/sadahiro/public_html/personal 02.html
2002.06.22 17:28 B C:\Documents and Settings\Administrator\My Documents\resume\web_dir\personal\02.jpg --> rishi.ticam.utexas.edu /tmp_mnt/homes/ccv1/sadahiro/public_html/personal 02.jpg
2002.06.22 17:28 B C:\Documents and Settings\Administrator\My Documents\resume\web_dir\personal\03.html --> rishi.ticam.utexas.edu /tmp_mnt/homes/ccv1/sadahiro/public_html/personal 03.html
2002.06.22 17:28 B C:\Documents and Settings\Administrator\My Documents\resume\web_dir\personal\03.jpg --> rishi.ticam.utexas.edu /tmp_mnt/homes/ccv1/sadahiro/public_html/personal 03.jpg
2002.06.22 17:28 B C:\Documents and Settings\Administrator\My Documents\resume\web_dir\personal\04.html --> rishi.ticam.utexas.edu /tmp_mnt/homes/ccv1/sadahiro/public_html/personal 04.html
2002.06.22 17:28 B C:\Documents and Settings\Administrator\My Documents\resume\web_dir\personal\04.jpg --> rishi.ticam.utexas.edu /tmp_mnt/homes/ccv1/sadahiro/public_html/personal 04.jpg
2002.06.22 17:28 B C:\Documents and Settings\Administrator\My Documents\resume\web_dir\personal\05.html --> rishi.ticam.utexas.edu /tmp_mnt/homes/ccv1/sadahiro/public_html/personal 05.html
2002.06.22 17:28 B C:\Documents and Settings\Administrator\My Documents\resume\web_dir\personal\05.jpg --> rishi.ticam.utexas.edu /tmp_mnt/homes/ccv1/sadahiro/public_html/personal 05.jpg
2002.06.22 17:28 B C:\Documents and Settings\Administrator\My Documents\resume\web_dir\personal\06.html --> rishi.ticam.utexas.edu /tmp_mnt/homes/ccv1/sadahiro/public_html/personal 06.html
2002.06.22 17:28 B C:\Documents and Settings\Administrator\My Documents\resume\web_dir\personal\06.jpg --> rishi.ticam.utexas.edu /tmp_mnt/homes/ccv1/sadahiro/public_html/personal 06.jpg
2002.06.22 17:28 B C:\Documents and Settings\Administrator\My Documents\resume\web_dir\personal\07.html --> rishi.ticam.utexas.edu /tmp_mnt/homes/ccv1/sadahiro/public_html/personal 07.html
2002.06.22 17:28 B C:\Documents and Settings\Administrator\My Documents\resume\web_dir\personal\07.jpg --> rishi.ticam.utexas.edu /tmp_mnt/homes/ccv1/sadahiro/public_html/personal 07.jpg
2002.06.22 17:28 B C:\Documents and Settings\Administrator\My Documents\resume\web_dir\personal\08.html --> rishi.ticam.utexas.edu /tmp_mnt/homes/ccv1/sadahiro/public_html/personal 08.html
2002.06.22 17:28 B C:\Documents and Settings\Administrator\My Documents\resume\web_dir\personal\08.jpg --> rishi.ticam.utexas.edu /tmp_mnt/homes/ccv1/sadahiro/public_html/personal 08.jpg
2002.06.22 17:28 B C:\Documents and Settings\Administrator\My Documents\resume\web_dir\personal\09.html --> rishi.ticam.utexas.edu /tmp_mnt/homes/ccv1/sadahiro/public_html/personal 09.html
2002.06.22 17:28 B C:\Documents and Settings\Administrator\My Documents\resume\web_dir\personal\09.jpg --> rishi.ticam.utexas.edu /tmp_mnt/homes/ccv1/sadahiro/public_html/personal 09.jpg
2002.06.22 17:28 B C:\Documents and Settings\Administrator\My Documents\resume\web_dir\personal\10.html --> rishi.ticam.utexas.edu /tmp_mnt/homes/ccv1/sadahiro/public_html/personal 10.html
2002.06.22 17:28 B C:\Documents and Settings\Administrator\My Documents\resume\web_dir\personal\10.jpg --> rishi.ticam.utexas.edu /tmp_mnt/homes/ccv1/sadahiro/public_html/personal 10.jpg
2002.06.22 17:28 B C:\Documents and Settings\Administrator\My Documents\resume\web_dir\personal\11.html --> rishi.ticam.utexas.edu /tmp_mnt/homes/ccv1/sadahiro/public_html/personal 11.html
2002.06.22 17:28 B C:\Documents and Settings\Administrator\My Documents\resume\web_dir\personal\11.jpg --> rishi.ticam.utexas.edu /tmp_mnt/homes/ccv1/sadahiro/public_html/personal 11.jpg
2002.06.22 17:28 B C:\Documents and Settings\Administrator\My Documents\resume\web_dir\personal\12.html --> rishi.ticam.utexas.edu /tmp_mnt/homes/ccv1/sadahiro/public_html/personal 12.html
2002.06.22 17:28 B C:\Documents and Settings\Administrator\My Documents\resume\web_dir\personal\12.jpg --> rishi.ticam.utexas.edu /tmp_mnt/homes/ccv1/sadahiro/public_html/personal 12.jpg
2002.06.22 17:28 B C:\Documents and Settings\Administrator\My Documents\resume\web_dir\personal\13.html --> rishi.ticam.utexas.edu /tmp_mnt/homes/ccv1/sadahiro/public_html/personal 13.html
2002.06.22 17:28 B C:\Documents and Settings\Administrator\My Documents\resume\web_dir\personal\13.jpg --> rishi.ticam.utexas.edu /tmp_mnt/homes/ccv1/sadahiro/public_html/personal 13.jpg
2002.06.22 17:28 B C:\Documents and Settings\Administrator\My Documents\resume\web_dir\personal\14.html --> rishi.ticam.utexas.edu /tmp_mnt/homes/ccv1/sadahiro/public_html/personal 14.html
2002.06.22 17:28 B C:\Documents and Settings\Administrator\My Documents\resume\web_dir\personal\14.jpg --> rishi.ticam.utexas.edu /tmp_mnt/homes/ccv1/sadahiro/public_html/personal 14.jpg
2002.06.22 17:28 B C:\Documents and Settings\Administrator\My Documents\resume\web_dir\personal\15.html --> rishi.ticam.utexas.edu /tmp_mnt/homes/ccv1/sadahiro/public_html/personal 15.html
2002.06.22 17:28 B C:\Documents and Settings\Administrator\My Documents\resume\web_dir\personal\15.jpg --> rishi.ticam.utexas.edu /tmp_mnt/homes/ccv1/sadahiro/public_html/personal 15.jpg
2002.06.22 17:28 B C:\Documents and Settings\Administrator\My Documents\resume\web_dir\personal\16.html --> rishi.ticam.utexas.edu /tmp_mnt/homes/ccv1/sadahiro/public_html/personal 16.html
2002.06.22 17:28 B C:\Documents and Settings\Administrator\My Documents\resume\web_dir\personal\16.jpg --> rishi.ticam.utexas.edu /tmp_mnt/homes/ccv1/sadahiro/public_html/personal 16.jpg
2002.06.22 17:28 B C:\Documents and Settings\Administrator\My Documents\resume\web_dir\personal\600.html --> rishi.ticam.utexas.edu /tmp_mnt/homes/ccv1/sadahiro/public_html/personal 600.html
2002.06.22 17:28 B C:\Documents and Settings\Administrator\My Documents\resume\web_dir\personal\600.jpg --> rishi.ticam.utexas.edu /tmp_mnt/homes/ccv1/sadahiro/public_html/personal 600.jpg
2002.06.22 17:28 B C:\Documents and Settings\Administrator\My Documents\resume\web_dir\personal\601.html --> rishi.ticam.utexas.edu /tmp_mnt/homes/ccv1/sadahiro/public_html/personal 601.html
2002.06.22 17:28 B C:\Documents and Settings\Administrator\My Documents\resume\web_dir\personal\601.jpg --> rishi.ticam.utexas.edu /tmp_mnt/homes/ccv1/sadahiro/public_html/personal 601.jpg
2002.06.22 17:28 B C:\Documents and Settings\Administrator\My Documents\resume\web_dir\personal\602.html --> rishi.ticam.utexas.edu /tmp_mnt/homes/ccv1/sadahiro/public_html/personal 602.html
2002.06.22 17:28 B C:\Documents and Settings\Administrator\My Documents\resume\web_dir\personal\602.jpg --> rishi.ticam.utexas.edu /tmp_mnt/homes/ccv1/sadahiro/public_html/personal 602.jpg
2002.06.22 17:28 B C:\Documents and Settings\Administrator\My Documents\resume\web_dir\personal\603.html --> rishi.ticam.utexas.edu /tmp_mnt/homes/ccv1/sadahiro/public_html/personal 603.html
2002.06.22 17:28 B C:\Documents and Settings\Administrator\My Documents\resume\web_dir\personal\603.jpg --> rishi.ticam.utexas.edu /tmp_mnt/homes/ccv1/sadahiro/public_html/personal 603.jpg
2002.06.22 17:28 B C:\Documents and Settings\Administrator\My Documents\resume\web_dir\personal\604.html --> rishi.ticam.utexas.edu /tmp_mnt/homes/ccv1/sadahiro/public_html/personal 604.html
2002.06.22 17:28 B C:\Documents and Settings\Administrator\My Documents\resume\web_dir\personal\604.jpg --> rishi.ticam.utexas.edu /tmp_mnt/homes/ccv1/sadahiro/public_html/personal 604.jpg
2002.06.22 17:28 B C:\Documents and Settings\Administrator\My Documents\resume\web_dir\personal\605.html --> rishi.ticam.utexas.edu /tmp_mnt/homes/ccv1/sadahiro/public_html/personal 605.html
2002.06.22 17:28 B C:\Documents and Settings\Administrator\My Documents\resume\web_dir\personal\605.jpg --> rishi.ticam.utexas.edu /tmp_mnt/homes/ccv1/sadahiro/public_html/personal 605.jpg
2002.06.22 17:28 B C:\Documents and Settings\Administrator\My Documents\resume\web_dir\personal\701.html --> rishi.ticam.utexas.edu /tmp_mnt/homes/ccv1/sadahiro/public_html/personal 701.html
2002.06.22 17:28 B C:\Documents and Settings\Administrator\My Documents\resume\web_dir\personal\701.jpg --> rishi.ticam.utexas.edu /tmp_mnt/homes/ccv1/sadahiro/public_html/personal 701.jpg
2002.06.22 17:28 B C:\Documents and Settings\Administrator\My Documents\resume\web_dir\personal\702.html --> rishi.ticam.utexas.edu /tmp_mnt/homes/ccv1/sadahiro/public_html/personal 702.html
2002.06.22 17:28 B C:\Documents and Settings\Administrator\My Documents\resume\web_dir\personal\702.jpg --> rishi.ticam.utexas.edu /tmp_mnt/homes/ccv1/sadahiro/public_html/personal 702.jpg
2002.06.22 17:28 B C:\Documents and Settings\Administrator\My Documents\resume\web_dir\personal\703.html --> rishi.ticam.utexas.edu /tmp_mnt/homes/ccv1/sadahiro/public_html/personal 703.html
2002.06.22 17:28 B C:\Documents and Settings\Administrator\My Documents\resume\web_dir\personal\703.jpg --> rishi.ticam.utexas.edu /tmp_mnt/homes/ccv1/sadahiro/public_html/personal 703.jpg
2002.06.22 17:28 B C:\Documents and Settings\Administrator\My Documents\resume\web_dir\personal\704.html --> rishi.ticam.utexas.edu /tmp_mnt/homes/ccv1/sadahiro/public_html/personal 704.html
2002.06.22 17:28 B C:\Documents and Settings\Administrator\My Documents\resume\web_dir\personal\704.jpg --> rishi.ticam.utexas.edu /tmp_mnt/homes/ccv1/sadahiro/public_html/personal 704.jpg
2002.06.22 17:28 B C:\Documents and Settings\Administrator\My Documents\resume\web_dir\personal\705.html --> rishi.ticam.utexas.edu /tmp_mnt/homes/ccv1/sadahiro/public_html/personal 705.html
2002.06.22 17:28 B C:\Documents and Settings\Administrator\My Documents\resume\web_dir\personal\705.jpg --> rishi.ticam.utexas.edu /tmp_mnt/homes/ccv1/sadahiro/public_html/personal 705.jpg
2002.06.22 17:28 B C:\Documents and Settings\Administrator\My Documents\resume\web_dir\personal\706.html --> rishi.ticam.utexas.edu /tmp_mnt/homes/ccv1/sadahiro/public_html/personal 706.html
2002.06.22 17:28 B C:\Documents and Settings\Administrator\My Documents\resume\web_dir\personal\706.jpg --> rishi.ticam.utexas.edu /tmp_mnt/homes/ccv1/sadahiro/public_html/personal 706.jpg
2002.06.22 17:28 B C:\Documents and Settings\Administrator\My Documents\resume\web_dir\personal\707.html --> rishi.ticam.utexas.edu /tmp_mnt/homes/ccv1/sadahiro/public_html/personal 707.html
2002.06.22 17:28 B C:\Documents and Settings\Administrator\My Documents\resume\web_dir\personal\707.jpg --> rishi.ticam.utexas.edu /tmp_mnt/homes/ccv1/sadahiro/public_html/personal 707.jpg
2002.06.22 17:28 B C:\Documents and Settings\Administrator\My Documents\resume\web_dir\personal\800.html --> rishi.ticam.utexas.edu /tmp_mnt/homes/ccv1/sadahiro/public_html/personal 800.html
2002.06.22 17:28 B C:\Documents and Settings\Administrator\My Documents\resume\web_dir\personal\800.jpg --> rishi.ticam.utexas.edu /tmp_mnt/homes/ccv1/sadahiro/public_html/personal 800.jpg
2002.06.22 17:28 B C:\Documents and Settings\Administrator\My Documents\resume\web_dir\personal\801.html --> rishi.ticam.utexas.edu /tmp_mnt/homes/ccv1/sadahiro/public_html/personal 801.html
2002.06.22 17:29 B C:\Documents and Settings\Administrator\My Documents\resume\web_dir\personal\801.jpg --> rishi.ticam.utexas.edu /tmp_mnt/homes/ccv1/sadahiro/public_html/personal 801.jpg
2002.06.22 17:29 B C:\Documents and Settings\Administrator\My Documents\resume\web_dir\personal\802.html --> rishi.ticam.utexas.edu /tmp_mnt/homes/ccv1/sadahiro/public_html/personal 802.html
2002.06.22 17:29 B C:\Documents and Settings\Administrator\My Documents\resume\web_dir\personal\802.jpg --> rishi.ticam.utexas.edu /tmp_mnt/homes/ccv1/sadahiro/public_html/personal 802.jpg
2002.06.22 17:29 B C:\Documents and Settings\Administrator\My Documents\resume\web_dir\personal\803.html --> rishi.ticam.utexas.edu /tmp_mnt/homes/ccv1/sadahiro/public_html/personal 803.html
2002.06.22 17:29 B C:\Documents and Settings\Administrator\My Documents\resume\web_dir\personal\803.jpg --> rishi.ticam.utexas.edu /tmp_mnt/homes/ccv1/sadahiro/public_html/personal 803.jpg
2002.06.22 17:29 B C:\Documents and Settings\Administrator\My Documents\resume\web_dir\personal\804.html --> rishi.ticam.utexas.edu /tmp_mnt/homes/ccv1/sadahiro/public_html/personal 804.html
2002.06.22 17:29 B C:\Documents and Settings\Administrator\My Documents\resume\web_dir\personal\804.jpg --> rishi.ticam.utexas.edu /tmp_mnt/homes/ccv1/sadahiro/public_html/personal 804.jpg
2002.06.22 17:29 B C:\Documents and Settings\Administrator\My Documents\resume\web_dir\personal\805.html --> rishi.ticam.utexas.edu /tmp_mnt/homes/ccv1/sadahiro/public_html/personal 805.html
2002.06.22 17:29 B C:\Documents and Settings\Administrator\My Documents\resume\web_dir\personal\805.jpg --> rishi.ticam.utexas.edu /tmp_mnt/homes/ccv1/sadahiro/public_html/personal 805.jpg
2002.06.22 17:29 B C:\Documents and Settings\Administrator\My Documents\resume\web_dir\personal\aboutme.html --> rishi.ticam.utexas.edu /tmp_mnt/homes/ccv1/sadahiro/public_html/personal aboutme.html
2002.06.22 17:29 B C:\Documents and Settings\Administrator\My Documents\resume\web_dir\personal\aboutme.html~ --> rishi.ticam.utexas.edu /tmp_mnt/homes/ccv1/sadahiro/public_html/personal aboutme.html~
2002.06.22 17:29 B C:\Documents and Settings\Administrator\My Documents\resume\web_dir\personal\earth.jpg --> rishi.ticam.utexas.edu /tmp_mnt/homes/ccv1/sadahiro/public_html/personal earth.jpg
2002.06.22 17:29 B C:\Documents and Settings\Administrator\My Documents\resume\web_dir\personal\handwork.html --> rishi.ticam.utexas.edu /tmp_mnt/homes/ccv1/sadahiro/public_html/personal handwork.html
2002.06.22 17:29 B C:\Documents and Settings\Administrator\My Documents\resume\web_dir\personal\hbird1.jpg --> rishi.ticam.utexas.edu /tmp_mnt/homes/ccv1/sadahiro/public_html/personal hbird1.jpg
2002.06.22 17:29 B C:\Documents and Settings\Administrator\My Documents\resume\web_dir\personal\hbird2.jpg --> rishi.ticam.utexas.edu /tmp_mnt/homes/ccv1/sadahiro/public_html/personal hbird2.jpg
2002.06.22 17:29 B C:\Documents and Settings\Administrator\My Documents\resume\web_dir\personal\hercuries.jpg --> rishi.ticam.utexas.edu /tmp_mnt/homes/ccv1/sadahiro/public_html/personal hercuries.jpg
2002.06.22 17:29 B C:\Documents and Settings\Administrator\My Documents\resume\web_dir\personal\lili1.jpg --> rishi.ticam.utexas.edu /tmp_mnt/homes/ccv1/sadahiro/public_html/personal lili1.jpg
2002.06.22 17:29 B C:\Documents and Settings\Administrator\My Documents\resume\web_dir\personal\lili2.jpg --> rishi.ticam.utexas.edu /tmp_mnt/homes/ccv1/sadahiro/public_html/personal lili2.jpg
2002.06.22 17:29 B C:\Documents and Settings\Administrator\My Documents\resume\web_dir\personal\map.jpg --> rishi.ticam.utexas.edu /tmp_mnt/homes/ccv1/sadahiro/public_html/personal map.jpg
2002.06.22 17:29 B C:\Documents and Settings\Administrator\My Documents\resume\web_dir\personal\me.jpg --> rishi.ticam.utexas.edu /tmp_mnt/homes/ccv1/sadahiro/public_html/personal me.jpg
2002.06.22 17:29 B C:\Documents and Settings\Administrator\My Documents\resume\web_dir\personal\me2.jpg --> rishi.ticam.utexas.edu /tmp_mnt/homes/ccv1/sadahiro/public_html/personal me2.jpg
2002.06.22 17:29 B C:\Documents and Settings\Administrator\My Documents\resume\web_dir\personal\meHat.JPG --> rishi.ticam.utexas.edu /tmp_mnt/homes/ccv1/sadahiro/public_html/personal meHat.JPG
2002.06.22 17:29 B C:\Documents and Settings\Administrator\My Documents\resume\web_dir\personal\meHat.JPG.old --> rishi.ticam.utexas.edu /tmp_mnt/homes/ccv1/sadahiro/public_html/personal meHat.JPG.old
2002.06.22 17:29 B C:\Documents and Settings\Administrator\My Documents\resume\web_dir\personal\meOld.jpg --> rishi.ticam.utexas.edu /tmp_mnt/homes/ccv1/sadahiro/public_html/personal meOld.jpg
2002.06.22 17:29 B C:\Documents and Settings\Administrator\My Documents\resume\web_dir\personal\my3DGfx.html --> rishi.ticam.utexas.edu /tmp_mnt/homes/ccv1/sadahiro/public_html/personal my3DGfx.html
2002.06.22 17:29 B C:\Documents and Settings\Administrator\My Documents\resume\web_dir\personal\paradise1.jpg --> rishi.ticam.utexas.edu /tmp_mnt/homes/ccv1/sadahiro/public_html/personal paradise1.jpg
2002.06.22 17:29 B C:\Documents and Settings\Administrator\My Documents\resume\web_dir\personal\paradise2.jpg --> rishi.ticam.utexas.edu /tmp_mnt/homes/ccv1/sadahiro/public_html/personal paradise2.jpg
2002.06.22 17:29 B C:\Documents and Settings\Administrator\My Documents\resume\web_dir\personal\readme_DDHK --> rishi.ticam.utexas.edu /tmp_mnt/homes/ccv1/sadahiro/public_html/personal readme_DDHK
2002.06.22 17:29 B C:\Documents and Settings\Administrator\My Documents\resume\web_dir\personal\titleLili.jpg --> rishi.ticam.utexas.edu /tmp_mnt/homes/ccv1/sadahiro/public_html/personal titleLili.jpg
2002.06.24 22:24 B C:\Documents and Settings\Administrator\My Documents\resume\personal\ws_ftp.log <-- rishi /tmp_mnt/homes/ccv1/sadahiro/public_html/personal ws_ftp.log
